Using pre-set license
Built from '2021.3/staging' branch; Version is '2021.3.14f1 (eee1884e7226) revision 15655304'; Using compiler version '192829333'; Build Type 'Release'
OS: 'Windows 10  (10.0.19045) 64bit Professional' Language: 'en' Physical Memory: 16191 MB
BatchMode: 1, IsHumanControllingUs: 0, StartBugReporterOnCrash: 0, Is64bit: 1, IsPro: 1

COMMAND LINE ARGUMENTS:
C:\Program Files\Unity\Hub\Editor\2021.3.14f1\Editor\Unity.exe
-adb2
-batchMode
-noUpm
-name
AssetImportWorker0
-projectPath
C:/Users/User/Desktop/gts/PigProj5/PigGroup5
-logFile
Logs/AssetImportWorker0.log
-srvPort
15132
Successfully changed project path to: C:/Users/User/Desktop/gts/PigProj5/PigGroup5
C:/Users/User/Desktop/gts/PigProj5/PigGroup5
[UnityMemory] Configuration Parameters - Can be set up in boot.config
    "memorysetup-bucket-allocator-granularity=16"
    "memorysetup-bucket-allocator-bucket-count=8"
    "memorysetup-bucket-allocator-block-size=33554432"
    "memorysetup-bucket-allocator-block-count=8"
    "memorysetup-main-allocator-block-size=16777216"
    "memorysetup-thread-allocator-block-size=16777216"
    "memorysetup-gfx-main-allocator-block-size=16777216"
    "memorysetup-gfx-thread-allocator-block-size=16777216"
    "memorysetup-cache-allocator-block-size=4194304"
    "memorysetup-typetree-allocator-block-size=2097152"
    "memorysetup-profiler-bucket-allocator-granularity=16"
    "memorysetup-profiler-bucket-allocator-bucket-count=8"
    "memorysetup-profiler-bucket-allocator-block-size=33554432"
    "memorysetup-profiler-bucket-allocator-block-count=8"
    "memorysetup-profiler-allocator-block-size=16777216"
    "memorysetup-profiler-editor-allocator-block-size=1048576"
    "memorysetup-temp-allocator-size-main=16777216"
    "memorysetup-job-temp-allocator-block-size=2097152"
    "memorysetup-job-temp-allocator-block-size-background=1048576"
    "memorysetup-job-temp-allocator-reduction-small-platforms=262144"
    "memorysetup-temp-allocator-size-background-worker=32768"
    "memorysetup-temp-allocator-size-job-worker=262144"
    "memorysetup-temp-allocator-size-preload-manager=33554432"
    "memorysetup-temp-allocator-size-nav-mesh-worker=65536"
    "memorysetup-temp-allocator-size-audio-worker=65536"
    "memorysetup-temp-allocator-size-cloud-worker=32768"
    "memorysetup-temp-allocator-size-gi-baking-worker=262144"
    "memorysetup-temp-allocator-size-gfx=262144"
Refreshing native plugins compatible for Editor in 81.84 ms, found 0 plugins.
Preloading 0 native plugins for Editor in 0.00 ms.
Initialize engine version: 2021.3.14f1 (eee1884e7226)
[Subsystems] Discovering subsystems at path C:/Program Files/Unity/Hub/Editor/2021.3.14f1/Editor/Data/Resources/UnitySubsystems
[Subsystems] Discovering subsystems at path C:/Users/User/Desktop/gts/PigProj5/PigGroup5/Assets
GfxDevice: creating device client; threaded=0; jobified=0
Direct3D:
    Version:  Direct3D 11.0 [level 11.1]
    Renderer: Intel(R) UHD Graphics (ID=0x9b41)
    Vendor:   Intel
    VRAM:     8095 MB
    Driver:   31.0.101.2114
Initialize mono
Mono path[0] = 'C:/Program Files/Unity/Hub/Editor/2021.3.14f1/Editor/Data/Managed'
Mono path[1] = 'C:/Program Files/Unity/Hub/Editor/2021.3.14f1/Editor/Data/MonoBleedingEdge/lib/mono/unityjit-win32'
Mono config path = 'C:/Program Files/Unity/Hub/Editor/2021.3.14f1/Editor/Data/MonoBleedingEdge/etc'
Using monoOptions --debugger-agent=transport=dt_socket,embedding=1,server=y,suspend=n,address=127.0.0.1:56912
Begin MonoManager ReloadAssembly
Registering precompiled unity dll's ...
Register platform support module: C:/Program Files/Unity/Hub/Editor/2021.3.14f1/Editor/Data/PlaybackEngines/WebGLSupport/UnityEditor.WebGL.Extensions.dll
Register platform support module: C:/Program Files/Unity/Hub/Editor/2021.3.14f1/Editor/Data/PlaybackEngines/WindowsStandaloneSupport/UnityEditor.WindowsStandalone.Extensions.dll
Registered in 0.008447 seconds.
Native extension for WindowsStandalone target not found
Native extension for WebGL target not found
Refreshing native plugins compatible for Editor in 89.01 ms, found 0 plugins.
Preloading 0 native plugins for Editor in 0.00 ms.
Mono: successfully reloaded assembly
- Completed reload, in  0.852 seconds
Domain Reload Profiling:
	ReloadAssembly (852ms)
		BeginReloadAssembly (95ms)
			ExecutionOrderSort (0ms)
			DisableScriptedObjects (0ms)
			BackupInstance (0ms)
			ReleaseScriptingObjects (0ms)
			CreateAndSetChildDomain (1ms)
		EndReloadAssembly (593ms)
			LoadAssemblies (93ms)
			RebuildTransferFunctionScriptingTraits (0ms)
			SetupTypeCache (180ms)
			ReleaseScriptCaches (0ms)
			RebuildScriptCaches (29ms)
			SetupLoadedEditorAssemblies (332ms)
				LogAssemblyErrors (0ms)
				InitializePlatformSupportModulesInManaged (9ms)
				SetLoadedEditorAssemblies (0ms)
				RefreshPlugins (89ms)
				BeforeProcessingInitializeOnLoad (2ms)
				ProcessInitializeOnLoadAttributes (158ms)
				ProcessInitializeOnLoadMethodAttributes (74ms)
				AfterProcessingInitializeOnLoad (0ms)
				EditorAssembliesLoaded (0ms)
			ExecutionOrderSort2 (0ms)
			AwakeInstancesAfterBackupRestoration (0ms)
Platform modules already initialized, skipping
Registering precompiled user dll's ...
Registered in 0.004103 seconds.
Begin MonoManager ReloadAssembly
Symbol file LoadedFromMemory doesn't match image C:\Users\User\Desktop\gts\PigProj5\PigGroup5\Library\PackageCache\com.unity.visualscripting@1.7.8\Editor\VisualScripting.Core\Dependencies\YamlDotNet\Unity.VisualScripting.YamlDotNet.dll
Symbol file LoadedFromMemory doesn't match image C:\Users\User\Desktop\gts\PigProj5\PigGroup5\Library\PackageCache\com.unity.visualscripting@1.7.8\Editor\VisualScripting.Core\Dependencies\DotNetZip\Unity.VisualScripting.IonicZip.dll
Native extension for WindowsStandalone target not found
Native extension for WebGL target not found
Refreshing native plugins compatible for Editor in 1.26 ms, found 0 plugins.
Preloading 0 native plugins for Editor in 0.00 ms.
Mono: successfully reloaded assembly
- Completed reload, in  0.874 seconds
Domain Reload Profiling:
	ReloadAssembly (874ms)
		BeginReloadAssembly (116ms)
			ExecutionOrderSort (0ms)
			DisableScriptedObjects (6ms)
			BackupInstance (0ms)
			ReleaseScriptingObjects (0ms)
			CreateAndSetChildDomain (20ms)
		EndReloadAssembly (663ms)
			LoadAssemblies (70ms)
			RebuildTransferFunctionScriptingTraits (0ms)
			SetupTypeCache (240ms)
			ReleaseScriptCaches (0ms)
			RebuildScriptCaches (38ms)
			SetupLoadedEditorAssemblies (236ms)
				LogAssemblyErrors (0ms)
				InitializePlatformSupportModulesInManaged (24ms)
				SetLoadedEditorAssemblies (1ms)
				RefreshPlugins (1ms)
				BeforeProcessingInitializeOnLoad (46ms)
				ProcessInitializeOnLoadAttributes (139ms)
				ProcessInitializeOnLoadMethodAttributes (21ms)
				AfterProcessingInitializeOnLoad (4ms)
				EditorAssembliesLoaded (0ms)
			ExecutionOrderSort2 (0ms)
			AwakeInstancesAfterBackupRestoration (6ms)
Platform modules already initialized, skipping
========================================================================
Worker process is ready to serve import requests
Failed to load shader (instanceID 396, GUID 9c442dc870b456e48b615cd8add0e9ef)
Failed to load shader (instanceID 398, GUID 493b79ea9c9be44ed8b702014d3ac49c)
Launched and connected shader compiler UnityShaderCompiler.exe after 0.04 seconds
Refreshing native plugins compatible for Editor in 1.12 ms, found 0 plugins.
Preloading 0 native plugins for Editor in 0.00 ms.
Unloading 9 Unused Serialized files (Serialized files now loaded: 0)
Unloading 2 unused Assets / (54.3 KB). Loaded Objects now: 481.
Memory consumption went from 27.2 MB to 27.2 MB.
Total: 2.266000 ms (FindLiveObjects: 0.032600 ms CreateObjectMapping: 0.003500 ms MarkObjects: 2.152400 ms  DeleteObjects: 0.076700 ms)

AssetImportParameters requested are different than current active one (requested -> active):
  custom:video-decoder-ogg-theora: a1e56fd34408186e4bbccfd4996cb3dc -> 
  custom:container-muxer-webm: aa71ff27fc2769a1b78a27578f13a17b -> 
  custom:container-demuxer-webm: 4f35f7cbe854078d1ac9338744f61a02 -> 
  custom:video-encoder-webm-vp8: eb34c28f22e8b96e1ab97ce403110664 -> 
  custom:audio-encoder-webm-vorbis: bf7c407c2cedff20999df2af8eb42d56 -> 
  custom:framework-win-MediaFoundation: 216162199b28c13a410421893ffa2e32 -> 
  custom:container-demuxer-ogg: 62fdf1f143b41e24485cea50d1cbac27 -> 
  custom:video-decoder-webm-vp8: 9c59270c3fd7afecdb556c50c9e8de78 -> 
  custom:audio-decoder-ogg-vorbis: bf7c407c2cedff20999df2af8eb42d56 -> 
========================================================================
Received Import Request.
  Time since last request: 1739973.995493 seconds.
  path: Assets/Scripts
  artifactKey: Guid(72a5671a3e3b42c45aeb9a973b6842ec) Importer(815301076,1909f56bfc062723c751e8b465ee728b)
Start importing Assets/Scripts using Guid(72a5671a3e3b42c45aeb9a973b6842ec) Importer(815301076,1909f56bfc062723c751e8b465ee728b)  -> (artifact id: 'dabcb5bc3d9ec07b92c5ff86d75350dc') in 0.005554 seconds 
========================================================================
Received Import Request.
  Time since last request: 0.000107 seconds.
  path: Assets/Scripts/TileGenerator.cs
  artifactKey: Guid(fde08c46191f9a140aa8f5141359ff58) Importer(815301076,1909f56bfc062723c751e8b465ee728b)
Start importing Assets/Scripts/TileGenerator.cs using Guid(fde08c46191f9a140aa8f5141359ff58) Importer(815301076,1909f56bfc062723c751e8b465ee728b)  -> (artifact id: '7b5e1e25f4fe9ab1ca148fbd7c1100f9') in 0.032208 seconds 
========================================================================
Received Import Request.
  Time since last request: 114.806761 seconds.
  path: Assets/TileGenerator.cs
  artifactKey: Guid(05c4a9984b4cb49468cf2a477bc6d0f1) Importer(815301076,1909f56bfc062723c751e8b465ee728b)
Start importing Assets/TileGenerator.cs using Guid(05c4a9984b4cb49468cf2a477bc6d0f1) Importer(815301076,1909f56bfc062723c751e8b465ee728b)  -> (artifact id: '3a45527b2c27661392140e4900aad99e') in 0.002871 seconds 
========================================================================
Received Import Request.
  Time since last request: 24.049132 seconds.
  path: Assets/TileGenerator.cs
  artifactKey: Guid(05c4a9984b4cb49468cf2a477bc6d0f1) Importer(815301076,1909f56bfc062723c751e8b465ee728b)
Start importing Assets/TileGenerator.cs using Guid(05c4a9984b4cb49468cf2a477bc6d0f1) Importer(815301076,1909f56bfc062723c751e8b465ee728b)  -> (artifact id: 'b59035bf9c61ced378e27d8680c44fb7') in 0.006965 seconds 
========================================================================
Received Import Request.
  Time since last request: 421.898576 seconds.
  path: Assets/Spacecraft.blend
  artifactKey: Guid(0d0b6397aa7fc3f4d98b5e2302d6ebd5) Importer(815301076,1909f56bfc062723c751e8b465ee728b)
Start importing Assets/Spacecraft.blend using Guid(0d0b6397aa7fc3f4d98b5e2302d6ebd5) Importer(815301076,1909f56bfc062723c751e8b465ee728b)  -> (artifact id: '778c6d7c78e55cda6ae73839e2482c54') in 0.021233 seconds 
========================================================================
Received Import Request.
  Time since last request: 31.079908 seconds.
  path: Assets/Spacecraft 1.blend
  artifactKey: Guid(f16bd3e6461572a4ab542760cc255622) Importer(815301076,1909f56bfc062723c751e8b465ee728b)
Start importing Assets/Spacecraft 1.blend using Guid(f16bd3e6461572a4ab542760cc255622) Importer(815301076,1909f56bfc062723c751e8b465ee728b)  -> (artifact id: 'dbf842bb010feef49f85e38af1707e7c') in 0.169736 seconds 
========================================================================
Received Import Request.
  Time since last request: 80.844361 seconds.
  path: Assets/ObjForTheGame
  artifactKey: Guid(40c173eff95cabc499df4bd450f83e70) Importer(815301076,1909f56bfc062723c751e8b465ee728b)
Start importing Assets/ObjForTheGame using Guid(40c173eff95cabc499df4bd450f83e70) Importer(815301076,1909f56bfc062723c751e8b465ee728b)  -> (artifact id: '01d07fc76abe359013c12dce3662abaf') in 0.008513 seconds 
========================================================================
Received Import Request.
  Time since last request: 42.619097 seconds.
  path: Assets/ObjForTheGame/envTile.blend
  artifactKey: Guid(0e93018823ddbc44794244ec9baec48e) Importer(815301076,1909f56bfc062723c751e8b465ee728b)
Start importing Assets/ObjForTheGame/envTile.blend using Guid(0e93018823ddbc44794244ec9baec48e) Importer(815301076,1909f56bfc062723c751e8b465ee728b)  -> (artifact id: '46c1ef299227754e7c6cfcae2b93e2a5') in 0.081205 seconds 
========================================================================
Received Import Request.
  Time since last request: 0.000031 seconds.
  path: Assets/ObjForTheGame/obs13.blend
  artifactKey: Guid(049d37756f7ce1f4fb4c9b047301d96d) Importer(815301076,1909f56bfc062723c751e8b465ee728b)
Start importing Assets/ObjForTheGame/obs13.blend using Guid(049d37756f7ce1f4fb4c9b047301d96d) Importer(815301076,1909f56bfc062723c751e8b465ee728b)  -> (artifact id: '8188943825361c639e6876f155ed2bef') in 0.095385 seconds 
========================================================================
Received Import Request.
  Time since last request: 0.000301 seconds.
  path: Assets/ObjForTheGame/obs12.blend
  artifactKey: Guid(e3d1a3cb181c36843ae98b062ff54910) Importer(815301076,1909f56bfc062723c751e8b465ee728b)
Start importing Assets/ObjForTheGame/obs12.blend using Guid(e3d1a3cb181c36843ae98b062ff54910) Importer(815301076,1909f56bfc062723c751e8b465ee728b)  -> (artifact id: '31e15b99da4ec897b512defe0623cc0d') in 0.093098 seconds 
========================================================================
Received Import Request.
  Time since last request: 0.000060 seconds.
  path: Assets/ObjForTheGame/obs4.blend
  artifactKey: Guid(a4ab6e31329c24f4abe1c59cf889c183) Importer(815301076,1909f56bfc062723c751e8b465ee728b)
Start importing Assets/ObjForTheGame/obs4.blend using Guid(a4ab6e31329c24f4abe1c59cf889c183) Importer(815301076,1909f56bfc062723c751e8b465ee728b)  -> (artifact id: 'a4723fd97efca16998988d082b915a58') in 0.064822 seconds 
========================================================================
Received Import Request.
  Time since last request: 0.000028 seconds.
  path: Assets/ObjForTheGame/obs5.blend
  artifactKey: Guid(9d60c192416e8024db28f74131a5e98d) Importer(815301076,1909f56bfc062723c751e8b465ee728b)
Start importing Assets/ObjForTheGame/obs5.blend using Guid(9d60c192416e8024db28f74131a5e98d) Importer(815301076,1909f56bfc062723c751e8b465ee728b)  -> (artifact id: '92d1cd74315b1d2f2179e7a0598deaba') in 0.064349 seconds 
========================================================================
Received Import Request.
  Time since last request: 0.000027 seconds.
  path: Assets/ObjForTheGame/obs9.blend
  artifactKey: Guid(12bf2864edfbfb24e81108bf2e328e74) Importer(815301076,1909f56bfc062723c751e8b465ee728b)
Start importing Assets/ObjForTheGame/obs9.blend using Guid(12bf2864edfbfb24e81108bf2e328e74) Importer(815301076,1909f56bfc062723c751e8b465ee728b)  -> (artifact id: '9a6d56e97ee4d410102d46a6bfe06d7a') in 0.056177 seconds 
========================================================================
Received Import Request.
  Time since last request: 0.000039 seconds.
  path: Assets/ObjForTheGame/Spacecraft.blend
  artifactKey: Guid(25fe08a923225f7478b40daf1667ea8f) Importer(815301076,1909f56bfc062723c751e8b465ee728b)
Start importing Assets/ObjForTheGame/Spacecraft.blend using Guid(25fe08a923225f7478b40daf1667ea8f) Importer(815301076,1909f56bfc062723c751e8b465ee728b)  -> (artifact id: 'f058896cf09525ce018bd824016dcb4c') in 0.050846 seconds 
========================================================================
Received Import Request.
  Time since last request: 0.000022 seconds.
  path: Assets/ObjForTheGame/obs3.blend
  artifactKey: Guid(fc47bf2440878d34192d6cfe739a7d94) Importer(815301076,1909f56bfc062723c751e8b465ee728b)
Start importing Assets/ObjForTheGame/obs3.blend using Guid(fc47bf2440878d34192d6cfe739a7d94) Importer(815301076,1909f56bfc062723c751e8b465ee728b)  -> (artifact id: 'db29b2c579d40105ec4eb5020be26497') in 0.053444 seconds 
========================================================================
Received Import Request.
  Time since last request: 0.000039 seconds.
  path: Assets/ObjForTheGame/obs6.blend
  artifactKey: Guid(6287b909722b7664abbd4b03890d135e) Importer(815301076,1909f56bfc062723c751e8b465ee728b)
Start importing Assets/ObjForTheGame/obs6.blend using Guid(6287b909722b7664abbd4b03890d135e) Importer(815301076,1909f56bfc062723c751e8b465ee728b)  -> (artifact id: '4ea708ca5d29b2c01ed62eb834160834') in 0.047292 seconds 
========================================================================
Received Import Request.
  Time since last request: 0.000020 seconds.
  path: Assets/ObjForTheGame/obs15.blend
  artifactKey: Guid(398d1a824c1a09a49afa8e20e2d97964) Importer(815301076,1909f56bfc062723c751e8b465ee728b)
Start importing Assets/ObjForTheGame/obs15.blend using Guid(398d1a824c1a09a49afa8e20e2d97964) Importer(815301076,1909f56bfc062723c751e8b465ee728b)  -> (artifact id: '3de01390ff855c13725deafaf6f14cfb') in 0.044135 seconds 
========================================================================
Received Import Request.
  Time since last request: 0.000019 seconds.
  path: Assets/ObjForTheGame/obs2.blend
  artifactKey: Guid(ef9ca787c23417247a25a0a13b6fd7a1) Importer(815301076,1909f56bfc062723c751e8b465ee728b)
Start importing Assets/ObjForTheGame/obs2.blend using Guid(ef9ca787c23417247a25a0a13b6fd7a1) Importer(815301076,1909f56bfc062723c751e8b465ee728b)  -> (artifact id: '10dc108bcce2084a56156c5bb054ec3e') in 0.051062 seconds 
========================================================================
Received Import Request.
  Time since last request: 0.000019 seconds.
  path: Assets/ObjForTheGame/obs10.blend
  artifactKey: Guid(e74197ba49db5a24eaa3d21d6cc48c98) Importer(815301076,1909f56bfc062723c751e8b465ee728b)
Start importing Assets/ObjForTheGame/obs10.blend using Guid(e74197ba49db5a24eaa3d21d6cc48c98) Importer(815301076,1909f56bfc062723c751e8b465ee728b)  -> (artifact id: 'eed1336f84c26e5a6aff1fed90964244') in 0.034479 seconds 
========================================================================
Received Import Request.
  Time since last request: 0.000021 seconds.
  path: Assets/ObjForTheGame/obs14.blend
  artifactKey: Guid(6463db43f0b872b42b4023f486f99474) Importer(815301076,1909f56bfc062723c751e8b465ee728b)
Start importing Assets/ObjForTheGame/obs14.blend using Guid(6463db43f0b872b42b4023f486f99474) Importer(815301076,1909f56bfc062723c751e8b465ee728b)  -> (artifact id: '3f3c2a72875f7280be01253d6ffc1a1a') in 0.042780 seconds 
========================================================================
Received Import Request.
  Time since last request: 0.000018 seconds.
  path: Assets/ObjForTheGame/obs11.blend
  artifactKey: Guid(bb5f5d0b68b2d354485e15f651ac4ed2) Importer(815301076,1909f56bfc062723c751e8b465ee728b)
Start importing Assets/ObjForTheGame/obs11.blend using Guid(bb5f5d0b68b2d354485e15f651ac4ed2) Importer(815301076,1909f56bfc062723c751e8b465ee728b)  -> (artifact id: '29643468e98c687e185bb7d99a2fb7e6') in 0.040348 seconds 
========================================================================
Received Import Request.
  Time since last request: 0.000025 seconds.
  path: Assets/ObjForTheGame/obs1.blend
  artifactKey: Guid(f49fa182073861044a513d5fe7aa6449) Importer(815301076,1909f56bfc062723c751e8b465ee728b)
Start importing Assets/ObjForTheGame/obs1.blend using Guid(f49fa182073861044a513d5fe7aa6449) Importer(815301076,1909f56bfc062723c751e8b465ee728b)  -> (artifact id: 'a9c8fd5eace49053e220d721afee1cab') in 0.040875 seconds 
========================================================================
Received Import Request.
  Time since last request: 0.000018 seconds.
  path: Assets/ObjForTheGame/obs8.blend
  artifactKey: Guid(0aa3b91faa36a914a9b9effb2d64d45d) Importer(815301076,1909f56bfc062723c751e8b465ee728b)
Start importing Assets/ObjForTheGame/obs8.blend using Guid(0aa3b91faa36a914a9b9effb2d64d45d) Importer(815301076,1909f56bfc062723c751e8b465ee728b)  -> (artifact id: '917ce6202b83518ed954678ab807170f') in 0.033341 seconds 
========================================================================
Received Import Request.
  Time since last request: 0.000037 seconds.
  path: Assets/ObjForTheGame/obs7.blend
  artifactKey: Guid(60c866f2cdc22cf43b433ee338e2584b) Importer(815301076,1909f56bfc062723c751e8b465ee728b)
Start importing Assets/ObjForTheGame/obs7.blend using Guid(60c866f2cdc22cf43b433ee338e2584b) Importer(815301076,1909f56bfc062723c751e8b465ee728b)  -> (artifact id: 'ddf7636f21d66fe495b7d59f1d2eec4b') in 0.034133 seconds 
========================================================================
Received Import Request.
  Time since last request: 25.401719 seconds.
  path: Assets/Tiles/Tile 2.prefab
  artifactKey: Guid(9b486a2943bcab9439d4b81970f1cd9c) Importer(815301076,1909f56bfc062723c751e8b465ee728b)
Start importing Assets/Tiles/Tile 2.prefab using Guid(9b486a2943bcab9439d4b81970f1cd9c) Importer(815301076,1909f56bfc062723c751e8b465ee728b)  -> (artifact id: '4c646d2e17792fbb84dee66aa2e5c0f4') in 0.025619 seconds 
========================================================================
Received Import Request.
  Time since last request: 0.000019 seconds.
  path: Assets/Tiles/Tile.prefab
  artifactKey: Guid(cddd7ed272d33ff4eb3c7fa120a45025) Importer(815301076,1909f56bfc062723c751e8b465ee728b)
Start importing Assets/Tiles/Tile.prefab using Guid(cddd7ed272d33ff4eb3c7fa120a45025) Importer(815301076,1909f56bfc062723c751e8b465ee728b)  -> (artifact id: '1d2e044734684da1d603907843bb409a') in 0.026886 seconds 
========================================================================
Received Import Request.
  Time since last request: 0.000027 seconds.
  path: Assets/Tiles/Tile 3.prefab
  artifactKey: Guid(891c50c64cc574d4d9d2ff1b6bcc47b3) Importer(815301076,1909f56bfc062723c751e8b465ee728b)
Start importing Assets/Tiles/Tile 3.prefab using Guid(891c50c64cc574d4d9d2ff1b6bcc47b3) Importer(815301076,1909f56bfc062723c751e8b465ee728b)  -> (artifact id: 'd1bf5ba220e497b0b3a77eaa2778518b') in 0.030475 seconds 
========================================================================
Received Import Request.
  Time since last request: 0.000046 seconds.
  path: Assets/Tiles/Tile 4.prefab
  artifactKey: Guid(4632c77d84e1a7d4383c21b8edd05ae4) Importer(815301076,1909f56bfc062723c751e8b465ee728b)
Start importing Assets/Tiles/Tile 4.prefab using Guid(4632c77d84e1a7d4383c21b8edd05ae4) Importer(815301076,1909f56bfc062723c751e8b465ee728b)  -> (artifact id: '08cd7fceba2631729969ae4f502d1893') in 0.024913 seconds 
========================================================================
Received Import Request.
  Time since last request: 0.000020 seconds.
  path: Assets/Tiles
  artifactKey: Guid(5c3bf5bef6514ce4f97b24bb671381e8) Importer(815301076,1909f56bfc062723c751e8b465ee728b)
Start importing Assets/Tiles using Guid(5c3bf5bef6514ce4f97b24bb671381e8) Importer(815301076,1909f56bfc062723c751e8b465ee728b)  -> (artifact id: 'd0288926fa8a1af102e3ce7a0ad6eb6a') in 0.011501 seconds 
========================================================================
Received Import Request.
  Time since last request: 105.399106 seconds.
  path: Assets/Materials/cyanGlass.mat
  artifactKey: Guid(f9bce9048b597014a96511698a4dcaf4) Importer(815301076,1909f56bfc062723c751e8b465ee728b)
Start importing Assets/Materials/cyanGlass.mat using Guid(f9bce9048b597014a96511698a4dcaf4) Importer(815301076,1909f56bfc062723c751e8b465ee728b)  -> (artifact id: 'd89c4a1af35c74d1509692a46fc82a08') in 0.021327 seconds 
========================================================================
Received Import Request.
  Time since last request: 0.000018 seconds.
  path: Assets/Materials/yellowPlane.mat
  artifactKey: Guid(bc76e27b7f6c8d744b78988cbafec4ee) Importer(815301076,1909f56bfc062723c751e8b465ee728b)
Start importing Assets/Materials/yellowPlane.mat using Guid(bc76e27b7f6c8d744b78988cbafec4ee) Importer(815301076,1909f56bfc062723c751e8b465ee728b)  -> (artifact id: '68e4a3cabb9dc6b1148f759276a4f0b3') in 0.022535 seconds 
========================================================================
Received Import Request.
  Time since last request: 0.000033 seconds.
  path: Assets/Materials/Tile2.mat
  artifactKey: Guid(ef963ad918c8db84aa454ea80c70c786) Importer(815301076,1909f56bfc062723c751e8b465ee728b)
Start importing Assets/Materials/Tile2.mat using Guid(ef963ad918c8db84aa454ea80c70c786) Importer(815301076,1909f56bfc062723c751e8b465ee728b)  -> (artifact id: 'ba75d708065a25a16e8fd9cb591ad525') in 0.020291 seconds 
========================================================================
Received Import Request.
  Time since last request: 0.000036 seconds.
  path: Assets/Materials/Tile3.mat
  artifactKey: Guid(b3e9f88c4b2eb1d4abe71bd3329b1a04) Importer(815301076,1909f56bfc062723c751e8b465ee728b)
Start importing Assets/Materials/Tile3.mat using Guid(b3e9f88c4b2eb1d4abe71bd3329b1a04) Importer(815301076,1909f56bfc062723c751e8b465ee728b)  -> (artifact id: '082ebd488a8087f219a7436eebe6032c') in 0.021319 seconds 
========================================================================
Received Import Request.
  Time since last request: 0.000018 seconds.
  path: Assets/Materials/Tile4.mat
  artifactKey: Guid(1f3b2da739327fa43bb53982fab1199b) Importer(815301076,1909f56bfc062723c751e8b465ee728b)
Start importing Assets/Materials/Tile4.mat using Guid(1f3b2da739327fa43bb53982fab1199b) Importer(815301076,1909f56bfc062723c751e8b465ee728b)  -> (artifact id: 'd7ba0c4f7eb2c4f0ee8aa0b43fce5132') in 0.025846 seconds 
========================================================================
Received Import Request.
  Time since last request: 420.798923 seconds.
  path: Assets/Uduino/Scripts/Boards
  artifactKey: Guid(3c8ec1a40a973ee49abb6309723a8bed) Importer(815301076,1909f56bfc062723c751e8b465ee728b)
Start importing Assets/Uduino/Scripts/Boards using Guid(3c8ec1a40a973ee49abb6309723a8bed) Importer(815301076,1909f56bfc062723c751e8b465ee728b)  -> (artifact id: '11bfed74c1ddbb595f9a377ed6384b4f') in 0.008536 seconds 
========================================================================
Received Import Request.
  Time since last request: 10.640142 seconds.
  path: Assets/Uduino/Scripts/Boards/DesktopSerial
  artifactKey: Guid(44e92818bb059e14c80795035a2ad596) Importer(815301076,1909f56bfc062723c751e8b465ee728b)
Start importing Assets/Uduino/Scripts/Boards/DesktopSerial using Guid(44e92818bb059e14c80795035a2ad596) Importer(815301076,1909f56bfc062723c751e8b465ee728b)  -> (artifact id: '39fb2f251ece4b45fca65c7e72687f96') in 0.012272 seconds 
========================================================================
Received Import Request.
  Time since last request: 2.181371 seconds.
  path: Assets/Uduino/Scripts/Boards/DesktopSerial/UduinoDevice_DesktopSerial.cs
  artifactKey: Guid(13d983ae56feb73488c14d1e32bf2237) Importer(815301076,1909f56bfc062723c751e8b465ee728b)
Start importing Assets/Uduino/Scripts/Boards/DesktopSerial/UduinoDevice_DesktopSerial.cs using Guid(13d983ae56feb73488c14d1e32bf2237) Importer(815301076,1909f56bfc062723c751e8b465ee728b)  -> (artifact id: '593a4360699c1cea78d0c2752cf460dc') in 0.008085 seconds 
